
> baraka@0.1.0 dev
> next dev --turbopack

   ▲ Next.js 15.3.5 (Turbopack)
   - Local:        http://localhost:3000
   - Network:      http://192.168.0.2:3000

 ✓ Starting...
Attention: Next.js now collects completely anonymous telemetry regarding usage.
This information is used to shape Next.js' roadmap and prioritize features.
You can learn more, including how to opt-out if you'd not like to participate in this anonymous program, by visiting the following URL:
https://nextjs.org/telemetry

 ○ Compiling middleware ...
 ✓ Compiled middleware in 917ms
 ✓ Ready in 2.4s
 ⨯ Error: Your project's URL and Key are required to create a Supabase client!

Check your Supabase project's API settings to find these values

https://supabase.com/dashboard/project/_/settings/api
    at <unknown> (https://supabase.com/dashboard/project/_/settings/api)
    at <unknown> (https://supabase.com/dashboard/project/_/settings/api)
    at createServerClient (../src/createServerClient.ts:139:10)
    at createSupabaseServerClient (lib/supabase/server.js:11:4)
    at updateSession (middleware.ts:6:52)
    at middleware (middleware.ts:61:15)
   9 | export const createSupabaseServerClient = async (cookieStore) => {
  10 |   return createServerClient(
> 11 |     process.env.NEXT_PUBLIC_SUPABASE_URL,
     |    ^
  12 |     process.env.SUPABASE_SERVICE_ROLE_KEY,
  13 |     {
  14 |       cookies: {
 ○ Compiling /_error ...
 ✓ Compiled /_error in 2.2s
 GET /dashboard 404 in 6ms
 ○ Compiling /_not-found/page ...
 ✓ Compiled /_not-found/page in 6.8s
